<?xml version="1.0" encoding="UTF-8"?>
<!-- Generated by org.testng.reporters.JUnitReportReporter -->
<testsuite hostname="DESKTOP-6AQVSRL" failures="0" tests="3" name="com.testCases.ProductInfoPageTest" time="16.484" errors="0" timestamp="2024-12-24T22:35:14 IST" skipped="0">
  <testcase classname="com.testCases.ProductInfoPageTest" name="selectLappy" time="5.615"/>
  <testcase classname="com.testCases.ProductInfoPageTest" name="selectMonitor" time="5.486"/>
  <testcase classname="com.testCases.ProductInfoPageTest" name="selectPhone" time="5.383"/>
</testsuite> <!-- com.testCases.ProductInfoPageTest -->
