<?xml version="1.0" encoding="UTF-8"?>
<!-- Generated by org.testng.reporters.JUnitReportReporter -->
<testsuite hostname="DESKTOP-6AQVSRL" failures="0" tests="2" name="com.testCases.HomePageTest" time="0.145" errors="0" timestamp="2024-12-18T22:22:12 IST" skipped="0">
  <testcase classname="com.testCases.HomePageTest" name="verifyTitle" time="0.035"/>
  <testcase classname="com.testCases.HomePageTest" name="verifyLogo" time="0.110"/>
</testsuite> <!-- com.testCases.HomePageTest -->
