<?xml version="1.0" encoding="UTF-8"?>
<!-- Generated by org.testng.reporters.JUnitReportReporter -->
<testsuite hostname="DESKTOP-6AQVSRL" failures="0" tests="1" name="com.testCases.SignUpPageTest" time="3.051" errors="0" timestamp="2024-12-24T22:35:14 IST" skipped="0">
  <testcase classname="com.testCases.SignUpPageTest" name="registerUser" time="3.051"/>
</testsuite> <!-- com.testCases.SignUpPageTest -->
