<?xml version="1.0" encoding="UTF-8"?>
<!-- Generated by org.testng.reporters.JUnitReportReporter -->
<testsuite hostname="DESKTOP-6AQVSRL" failures="0" tests="2" name="com.testCases.CartPageTest" time="6.667" errors="0" timestamp="2024-12-24T22:35:14 IST" skipped="0">
  <testcase classname="com.testCases.CartPageTest" name="goToCart" time="6.219"/>
  <testcase classname="com.testCases.CartPageTest" name="valiadteTotalProductPrice" time="0.448"/>
</testsuite> <!-- com.testCases.CartPageTest -->
