<?xml version="1.0" encoding="UTF-8"?>
<!-- Generated by org.testng.reporters.JUnitReportReporter -->
<testsuite hostname="DESKTOP-6AQVSRL" failures="0" tests="2" name="com.testCases.PaymentInfoPageTest" time="4.318" errors="0" timestamp="2024-12-24T22:35:14 IST" skipped="0">
  <testcase classname="com.testCases.PaymentInfoPageTest" name="verifyPurchaseWithoutInfo" time="0.874"/>
  <testcase classname="com.testCases.PaymentInfoPageTest" name="verifyPurchaseWithInfo" time="3.444"/>
</testsuite> <!-- com.testCases.PaymentInfoPageTest -->
